# JRE version: OpenJDK Runtime Environment (8.0_152-b01) (build 1.8.0_152-release-1024-b01)
# Java VM: OpenJDK 64-Bit Server VM (25.152-b01 mixed mode linux-amd64 compressed oops)
Heap:
 PSYoungGen      total 145408K, used 0K [0x00000000eab00000, 0x00000000ff400000, 0x0000000100000000)
  eden space 119808K, 0% used [0x00000000eab00000,0x00000000eab00000,0x00000000f2000000)
  from space 25600K, 0% used [0x00000000f2000000,0x00000000f2000000,0x00000000f3900000)
  to   space 108544K, 0% used [0x00000000f8a00000,0x00000000f8a00000,0x00000000ff400000)
 ParOldGen       total 329728K, used 266971K [0x00000000c0000000, 0x00000000d4200000, 0x00000000eab00000)
  object space 329728K, 80% used [0x00000000c0000000,0x00000000d04b6ed0,0x00000000d4200000)
 Metaspace       used 77485K, capacity 80692K, committed 80984K, reserved 1120256K
  class space    used 10410K, capacity 11070K, committed 11136K, reserved 1048576K
GC Heap History (10 events):
Event: 91.534 GC heap after
Heap after GC invocations=34 (full 6):
 PSYoungGen      total 239104K, used 62591K [0x00000000eab00000, 0x0000000100000000, 0x0000000100000000)
  eden space 140288K, 0% used [0x00000000eab00000,0x00000000eab00000,0x00000000f3400000)
  from space 98816K, 63% used [0x00000000f9f80000,0x00000000fdc9fd00,0x0000000100000000)
  to   space 104448K, 0% used [0x00000000f3400000,0x00000000f3400000,0x00000000f9a00000)
 ParOldGen       total 356352K, used 316394K [0x00000000c0000000, 0x00000000d5c00000, 0x00000000eab00000)
  object space 356352K, 88% used [0x00000000c0000000,0x00000000d34faaf0,0x00000000d5c00000)
 Metaspace       used 77106K, capacity 80308K, committed 80472K, reserved 1118208K
  class space    used 10410K, capacity 11078K, committed 11136K, reserved 1048576K
}
Event: 91.535 GC heap before
{Heap before GC invocations=35 (full 7):
 PSYoungGen      total 239104K, used 62591K [0x00000000eab00000, 0x0000000100000000, 0x0000000100000000)
  eden space 140288K, 0% used [0x00000000eab00000,0x00000000eab00000,0x00000000f3400000)
  from space 98816K, 63% used [0x00000000f9f80000,0x00000000fdc9fd00,0x0000000100000000)
  to   space 104448K, 0% used [0x00000000f3400000,0x00000000f3400000,0x00000000f9a00000)
 ParOldGen       total 356352K, used 316394K [0x00000000c0000000, 0x00000000d5c00000, 0x00000000eab00000)
  object space 356352K, 88% used [0x00000000c0000000,0x00000000d34faaf0,0x00000000d5c00000)
 Metaspace       used 77106K, capacity 80308K, committed 80472K, reserved 1118208K
  class space    used 10410K, capacity 11078K, committed 11136K, reserved 1048576K
Event: 91.924 GC heap after
Heap after GC invocations=35 (full 7):
 PSYoungGen      total 239104K, used 0K [0x00000000eab00000, 0x0000000100000000, 0x0000000100000000)
  eden space 140288K, 0% used [0x00000000eab00000,0x00000000eab00000,0x00000000f3400000)
  from space 98816K, 0% used [0x00000000f9f80000,0x00000000f9f80000,0x0000000100000000)
  to   space 104448K, 0% used [0x00000000f3400000,0x00000000f3400000,0x00000000f9a00000)
 ParOldGen       total 329728K, used 159666K [0x00000000c0000000, 0x00000000d4200000, 0x00000000eab00000)
  object space 329728K, 48% used [0x00000000c0000000,0x00000000c9bec8e0,0x00000000d4200000)
 Metaspace       used 77089K, capacity 80262K, committed 80472K, reserved 1118208K
  class space    used 10404K, capacity 11067K, committed 11136K, reserved 1048576K
}
Event: 92.620 GC heap before
{Heap before GC invocations=36 (full 7):
 PSYoungGen      total 239104K, used 140288K [0x00000000eab00000, 0x0000000100000000, 0x0000000100000000)
  eden space 140288K, 100% used [0x00000000eab00000,0x00000000f3400000,0x00000000f3400000)
  from space 98816K, 0% used [0x00000000f9f80000,0x00000000f9f80000,0x0000000100000000)
  to   space 104448K, 0% used [0x00000000f3400000,0x00000000f3400000,0x00000000f9a00000)
 ParOldGen       total 329728K, used 159666K [0x00000000c0000000, 0x00000000d4200000, 0x00000000eab00000)
  object space 329728K, 48% used [0x00000000c0000000,0x00000000c9bec8e0,0x00000000d4200000)
 Metaspace       used 77365K, capacity 80546K, committed 80728K, reserved 1118208K
  class space    used 10410K, capacity 11069K, committed 11136K, reserved 1048576K
Event: 92.767 GC heap after
Heap after GC invocations=36 (full 7):
 PSYoungGen      total 221696K, used 80972K [0x00000000eab00000, 0x0000000100000000, 0x0000000100000000)
  eden space 140288K, 0% used [0x00000000eab00000,0x00000000eab00000,0x00000000f3400000)
  from space 81408K, 99% used [0x00000000f3400000,0x00000000f8313080,0x00000000f8380000)
  to   space 115200K, 0% used [0x00000000f8f80000,0x00000000f8f80000,0x0000000100000000)
 ParOldGen       total 329728K, used 159674K [0x00000000c0000000, 0x00000000d4200000, 0x00000000eab00000)
  object space 329728K, 48% used [0x00000000c0000000,0x00000000c9bee8e0,0x00000000d4200000)
 Metaspace       used 77365K, capacity 80546K, committed 80728K, reserved 1118208K
  class space    used 10410K, capacity 11069K, committed 11136K, reserved 1048576K
}
Event: 94.019 GC heap before
{Heap before GC invocations=37 (full 7):
 PSYoungGen      total 221696K, used 221260K [0x00000000eab00000, 0x0000000100000000, 0x0000000100000000)
  eden space 140288K, 100% used [0x00000000eab00000,0x00000000f3400000,0x00000000f3400000)
  from space 81408K, 99% used [0x00000000f3400000,0x00000000f8313080,0x00000000f8380000)
  to   space 115200K, 0% used [0x00000000f8f80000,0x00000000f8f80000,0x0000000100000000)
 ParOldGen       total 329728K, used 159674K [0x00000000c0000000, 0x00000000d4200000, 0x00000000eab00000)
  object space 329728K, 48% used [0x00000000c0000000,0x00000000c9bee8e0,0x00000000d4200000)
 Metaspace       used 77441K, capacity 80628K, committed 80728K, reserved 1118208K
  class space    used 10410K, capacity 11070K, committed 11136K, reserved 1048576K
Event: 94.178 GC heap after
Heap after GC invocations=37 (full 7):
 PSYoungGen      total 235008K, used 54563K [0x00000000eab00000, 0x0000000100000000, 0x0000000100000000)
  eden space 119808K, 0% used [0x00000000eab00000,0x00000000eab00000,0x00000000f2000000)
  from space 115200K, 47% used [0x00000000f8f80000,0x00000000fc4c8c08,0x0000000100000000)
  to   space 114176K, 0% used [0x00000000f2000000,0x00000000f2000000,0x00000000f8f80000)
 ParOldGen       total 329728K, used 239717K [0x00000000c0000000, 0x00000000d4200000, 0x00000000eab00000)
  object space 329728K, 72% used [0x00000000c0000000,0x00000000cea19758,0x00000000d4200000)
 Metaspace       used 77441K, capacity 80628K, committed 80728K, reserved 1118208K
  class space    used 10410K, capacity 11070K, committed 11136K, reserved 1048576K
}
Event: 95.702 GC heap before
{Heap before GC invocations=38 (full 7):
 PSYoungGen      total 235008K, used 174371K [0x00000000eab00000, 0x0000000100000000, 0x0000000100000000)
  eden space 119808K, 100% used [0x00000000eab00000,0x00000000f2000000,0x00000000f2000000)
  from space 115200K, 47% used [0x00000000f8f80000,0x00000000fc4c8c08,0x0000000100000000)
  to   space 114176K, 0% used [0x00000000f2000000,0x00000000f2000000,0x00000000f8f80000)
 ParOldGen       total 329728K, used 239717K [0x00000000c0000000, 0x00000000d4200000, 0x00000000eab00000)
  object space 329728K, 72% used [0x00000000c0000000,0x00000000cea19758,0x00000000d4200000)
 Metaspace       used 77485K, capacity 80692K, committed 80984K, reserved 1120256K
  class space    used 10410K, capacity 11070K, committed 11136K, reserved 1048576K
Event: 95.764 GC heap after
Heap after GC invocations=38 (full 7):
 PSYoungGen      total 145408K, used 25184K [0x00000000eab00000, 0x00000000ff400000, 0x0000000100000000)
  eden space 119808K, 0% used [0x00000000eab00000,0x00000000eab00000,0x00000000f2000000)
  from space 25600K, 98% used [0x00000000f2000000,0x00000000f38982c0,0x00000000f3900000)
  to   space 108544K, 0% used [0x00000000f8a00000,0x00000000f8a00000,0x00000000ff400000)
 ParOldGen       total 329728K, used 289914K [0x00000000c0000000, 0x00000000d4200000, 0x00000000eab00000)
  object space 329728K, 87% used [0x00000000c0000000,0x00000000d1b1e9f8,0x00000000d4200000)
 Metaspace       used 77485K, capacity 80692K, committed 80984K, reserved 1120256K
  class space    used 10410K, capacity 11070K, committed 11136K, reserved 1048576K
}
Event: 95.764 GC heap before
{Heap before GC invocations=39 (full 8):
 PSYoungGen      total 145408K, used 25184K [0x00000000eab00000, 0x00000000ff400000, 0x0000000100000000)
  eden space 119808K, 0% used [0x00000000eab00000,0x00000000eab00000,0x00000000f2000000)
  from space 25600K, 98% used [0x00000000f2000000,0x00000000f38982c0,0x00000000f3900000)
  to   space 108544K, 0% used [0x00000000f8a00000,0x00000000f8a00000,0x00000000ff400000)
 ParOldGen       total 329728K, used 289914K [0x00000000c0000000, 0x00000000d4200000, 0x00000000eab00000)
  object space 329728K, 87% used [0x00000000c0000000,0x00000000d1b1e9f8,0x00000000d4200000)
 Metaspace       used 77485K, capacity 80692K, committed 80984K, reserved 1120256K
  class space    used 10410K, capacity 11070K, committed 11136K, reserved 1048576K

