# JRE version: Java(TM) SE Runtime Environment (9.0+11) (build 9.0.4+11)
# Java VM: Java HotSpot(TM) 64-Bit Server VM (9.0.4+11, mixed mode, tiered, compressed oops, g1 gc, linux-amd64)
Heap:
 garbage-first heap   total 122880K, used 37046K [0x00000000c0000000, 0x00000000c01003c0, 0x0000000100000000)
  region size 1024K, 1 young (1024K), 1 survivors (1024K)
 Metaspace       used 37376K, capacity 38498K, committed 38784K, reserved 1083392K
  class space    used 4724K, capacity 4957K, committed 4992K, reserved 1048576K
GC Heap History (10 events):
Event: 289.550 GC heap after
{Heap after GC invocations=19 (full 0):
 garbage-first heap   total 61440K, used 37196K [0x00000000c0000000, 0x00000000c01001e0, 0x0000000100000000)
  region size 1024K, 2 young (2048K), 2 survivors (2048K)
 Metaspace       used 35657K, capacity 36562K, committed 36736K, reserved 1081344K
  class space    used 4513K, capacity 4716K, committed 4736K, reserved 1048576K
}
Event: 292.360 GC heap before
{Heap before GC invocations=19 (full 0):
 garbage-first heap   total 61440K, used 38220K [0x00000000c0000000, 0x00000000c01001e0, 0x0000000100000000)
  region size 1024K, 3 young (3072K), 2 survivors (2048K)
 Metaspace       used 35698K, capacity 36626K, committed 36736K, reserved 1081344K
  class space    used 4514K, capacity 4716K, committed 4736K, reserved 1048576K
}
Event: 292.477 GC heap after
{Heap after GC invocations=20 (full 0):
 garbage-first heap   total 61440K, used 36602K [0x00000000c0000000, 0x00000000c01001e0, 0x0000000100000000)
  region size 1024K, 1 young (1024K), 1 survivors (1024K)
 Metaspace       used 35698K, capacity 36626K, committed 36736K, reserved 1081344K
  class space    used 4514K, capacity 4716K, committed 4736K, reserved 1048576K
}
Event: 308.736 GC heap before
{Heap before GC invocations=21 (full 0):
 garbage-first heap   total 61440K, used 38650K [0x00000000c0000000, 0x00000000c01001e0, 0x0000000100000000)
  region size 1024K, 3 young (3072K), 1 survivors (1024K)
 Metaspace       used 35934K, capacity 36918K, committed 37120K, reserved 1081344K
  class space    used 4540K, capacity 4750K, committed 4864K, reserved 1048576K
}
Event: 309.769 GC heap after
{Heap after GC invocations=22 (full 0):
 garbage-first heap   total 61440K, used 36739K [0x00000000c0000000, 0x00000000c01001e0, 0x0000000100000000)
  region size 1024K, 1 young (1024K), 1 survivors (1024K)
 Metaspace       used 35934K, capacity 36918K, committed 37120K, reserved 1081344K
  class space    used 4540K, capacity 4750K, committed 4864K, reserved 1048576K
}
Event: 327.038 GC heap before
{Heap before GC invocations=22 (full 0):
 garbage-first heap   total 61440K, used 38787K [0x00000000c0000000, 0x00000000c01001e0, 0x0000000100000000)
  region size 1024K, 3 young (3072K), 1 survivors (1024K)
 Metaspace       used 36845K, capacity 37872K, committed 38272K, reserved 1083392K
  class space    used 4649K, capacity 4865K, committed 4992K, reserved 1048576K
}
Event: 327.854 GC heap after
{Heap after GC invocations=23 (full 0):
 garbage-first heap   total 61440K, used 36841K [0x00000000c0000000, 0x00000000c01001e0, 0x0000000100000000)
  region size 1024K, 1 young (1024K), 1 survivors (1024K)
 Metaspace       used 36845K, capacity 37872K, committed 38272K, reserved 1083392K
  class space    used 4649K, capacity 4865K, committed 4992K, reserved 1048576K
}
Event: 353.242 GC heap before
{Heap before GC invocations=24 (full 0):
 garbage-first heap   total 61440K, used 38889K [0x00000000c0000000, 0x00000000c01001e0, 0x0000000100000000)
  region size 1024K, 3 young (3072K), 1 survivors (1024K)
 Metaspace       used 37321K, capacity 38414K, committed 38528K, reserved 1083392K
  class space    used 4716K, capacity 4950K, committed 4992K, reserved 1048576K
}
Event: 356.109 GC heap after
{Heap after GC invocations=25 (full 0):
 garbage-first heap   total 61440K, used 37019K [0x00000000c0000000, 0x00000000c01001e0, 0x0000000100000000)
  region size 1024K, 1 young (1024K), 1 survivors (1024K)
 Metaspace       used 37321K, capacity 38414K, committed 38528K, reserved 1083392K
  class space    used 4716K, capacity 4950K, committed 4992K, reserved 1048576K
}
Event: 440.849 GC heap before
{Heap before GC invocations=25 (full 0):
 garbage-first heap   total 61440K, used 39067K [0x00000000c0000000, 0x00000000c01001e0, 0x0000000100000000)
  region size 1024K, 3 young (3072K), 1 survivors (1024K)
 Metaspace       used 37376K, capacity 38498K, committed 38784K, reserved 1083392K
  class space    used 4724K, capacity 4957K, committed 4992K, reserved 1048576K
}

